#
# There is insufficient memory for the Java Runtime Environment to continue.
# Native memory allocation (malloc) failed to allocate 164816 bytes for Chunk::new
# Possible reasons:
#   The system is out of physical RAM or swap space
#   In 32 bit mode, the process size limit was hit
# Possible solutions:
#   Reduce memory load on the system
#   Increase physical memory or swap space
#   Check if swap backing store is full
#   Use 64 bit Java on a 64 bit OS
#   Decrease Java heap size (-Xmx/-Xms)
#   Decrease number of Java threads
#   Decrease Java thread stack sizes (-Xss)
#   Set larger code cache with -XX:ReservedCodeCacheSize=
# This output file may be truncated or incomplete.
#
#  Out of Memory Error (allocation.cpp:390), pid=15644, tid=0x0000000000002f2c
#
# JRE version: Java(TM) SE Runtime Environment (8.0_151-b12) (build 1.8.0_151-b12)
# Java VM: Java HotSpot(TM) 64-Bit Server VM (25.151-b12 mixed mode windows-amd64 compressed oops)
# Failed to write core dump. Minidumps are not enabled by default on client versions of Windows
#

---------------  T H R E A D  ---------------

Current thread (0x0000000056870800):  JavaThread "C2 CompilerThread1" daemon [_thread_in_native, id=12076, stack(0x0000000056bd0000,0x0000000056cd0000)]

Stack: [0x0000000056bd0000,0x0000000056cd0000]
[error occurred during error reporting (printing stack bounds), id 0xc0000005]

Native frames: (J=compiled Java code, j=interpreted, Vv=VM code, C=native code)


Current CompileTask:
C2: 846997 2006   !   4       sun.reflect.GeneratedMethodAccessor3::invoke (66 bytes)


---------------  P R O C E S S  ---------------

Java Threads: ( => current thread )
  0x0000000057544800 JavaThread "D3D Screen Updater" daemon [_thread_blocked, id=10140, stack(0x000000005b5f0000,0x000000005b6f0000)]
  0x0000000056a12000 JavaThread "TimerQueue" daemon [_thread_blocked, id=15996, stack(0x000000005a200000,0x000000005a300000)]
  0x0000000002078000 JavaThread "DestroyJavaVM" [_thread_blocked, id=14880, stack(0x0000000002430000,0x0000000002530000)]
  0x000000005736a000 JavaThread "AWT-EventQueue-0" [_thread_in_Java, id=15716, stack(0x0000000058280000,0x0000000058380000)]
  0x0000000057361000 JavaThread "AWT-Windows" daemon [_thread_in_native, id=13712, stack(0x0000000058080000,0x0000000058180000)]
  0x0000000057360000 JavaThread "AWT-Shutdown" [_thread_blocked, id=15872, stack(0x0000000057e50000,0x0000000057f50000)]
  0x000000005735f800 JavaThread "Java2D Disposer" daemon [_thread_blocked, id=15036, stack(0x0000000057cb0000,0x0000000057db0000)]
  0x00000000568e6800 JavaThread "Service Thread" daemon [_thread_blocked, id=16328, stack(0x0000000057040000,0x0000000057140000)]
  0x000000005688e800 JavaThread "C1 CompilerThread2" daemon [_thread_blocked, id=14820, stack(0x0000000056e70000,0x0000000056f70000)]
=>0x0000000056870800 JavaThread "C2 CompilerThread1" daemon [_thread_in_native, id=12076, stack(0x0000000056bd0000,0x0000000056cd0000)]
  0x000000005686f800 JavaThread "C2 CompilerThread0" daemon [_thread_blocked, id=16116, stack(0x0000000056d10000,0x0000000056e10000)]
  0x00000000551c1000 JavaThread "Attach Listener" daemon [_thread_blocked, id=14156, stack(0x00000000566d0000,0x00000000567d0000)]
  0x00000000551bd800 JavaThread "Signal Dispatcher" daemon [_thread_blocked, id=15412, stack(0x00000000565d0000,0x00000000566d0000)]
  0x00000000551aa000 JavaThread "Finalizer" daemon [_thread_blocked, id=14968, stack(0x00000000560e0000,0x00000000561e0000)]
  0x0000000055163000 JavaThread "Reference Handler" daemon [_thread_blocked, id=15920, stack(0x0000000056370000,0x0000000056470000)]

Other Threads:
  0x000000005515b800 VMThread [stack: 0x0000000056200000,0x0000000056300000] [id=15812]
  0x00000000568f3000 WatcherThread [stack: 0x0000000057250000,0x0000000057350000] [id=16324]

VM state:not at safepoint (normal execution)

VM Mutex/Monitor currently owned by a thread: None

Heap:
 PSYoungGen      total 229888K, used 137485K [0x00000000eac00000, 0x00000000fa700000, 0x0000000100000000)
  eden space 206336K, 66% used [0x00000000eac00000,0x00000000f32434b8,0x00000000f7580000)
  from space 23552K, 0% used [0x00000000f7580000,0x00000000f7580000,0x00000000f8c80000)
  to   space 23040K, 0% used [0x00000000f8c80000,0x00000000f8c80000,0x00000000fa300000)
 ParOldGen       total 221184K, used 108532K [0x00000000c0400000, 0x00000000cdc00000, 0x00000000eac00000)
  object space 221184K, 49% used [0x00000000c0400000,0x00000000c6dfd388,0x00000000cdc00000)
 Metaspace       used 13405K, capacity 13642K, committed 13824K, reserved 1060864K
  class space    used 1601K, capacity 1682K, committed 1792K, reserved 1048576K

Card table byte_map: [0x0000000011bc0000,0x0000000011dc0000] byte_map_base: 0x00000000115be000

Marking Bits: (ParMarkBitMap*) 0x000000007152d850
 Begin Bits: [0x00000000125f0000, 0x00000000135e0000)
 End Bits:   [0x00000000135e0000, 0x00000000145d0000)

Polling page: 0x0000000000270000

CodeCache: size=245760Kb used=5775Kb max_used=5841Kb free=239984Kb
 bounds [0x0000000002800000, 0x0000000002dc0000, 0x0000000011800000]
 total_blobs=2274 nmethods=1787 adapters=399
 compilation: enabled

Compilation events (10 events):
Event: 772.482 Thread 0x000000005688e800 nmethod 2001 0x00000000029a1650 code [0x00000000029a17a0, 0x00000000029a1890]
Event: 775.075 Thread 0x000000005686f800 2002       4       java.util.HashMap::keySet (25 bytes)
Event: 775.077 Thread 0x000000005686f800 nmethod 2002 0x0000000002cb2d50 code [0x0000000002cb2ea0, 0x0000000002cb2f78]
Event: 787.123 Thread 0x0000000056870800 2003       4       sun.awt.SunToolkit::getAppContext (42 bytes)
Event: 787.159 Thread 0x0000000056870800 nmethod 2003 0x0000000002c87c90 code [0x0000000002c87de0, 0x0000000002c87e98]
Event: 806.794 Thread 0x000000005686f800 2004       4       searchencrypted.ReadData::Read (317 bytes)
Event: 807.689 Thread 0x000000005686f800 nmethod 2004 0x0000000002daeb90 code [0x0000000002daf5a0, 0x0000000002db6980]
Event: 842.409 Thread 0x000000005686f800 2005       4       java.io.ObjectOutputStream$BlockDataOutputStream::writeFloat (46 bytes)
Event: 842.411 Thread 0x000000005686f800 nmethod 2005 0x0000000002c55690 code [0x0000000002c557e0, 0x0000000002c55918]
Event: 846.528 Thread 0x0000000056870800 2006   !   4       sun.reflect.GeneratedMethodAccessor3::invoke (66 bytes)

GC Heap History (10 events):
Event: 844.045 GC heap before
{Heap before GC invocations=716 (full 479):
 PSYoungGen      total 229888K, used 206027K [0x00000000eac00000, 0x00000000fa700000, 0x0000000100000000)
  eden space 206336K, 99% used [0x00000000eac00000,0x00000000f7532ff8,0x00000000f7580000)
  from space 23552K, 0% used [0x00000000f7580000,0x00000000f7580000,0x00000000f8c80000)
  to   space 23040K, 0% used [0x00000000f8c80000,0x00000000f8c80000,0x00000000fa300000)
 ParOldGen       total 221184K, used 220579K [0x00000000c0400000, 0x00000000cdc00000, 0x00000000eac00000)
  object space 221184K, 99% used [0x00000000c0400000,0x00000000cdb68e10,0x00000000cdc00000)
 Metaspace       used 13405K, capacity 13642K, committed 13824K, reserved 1060864K
  class space    used 1601K, capacity 1682K, committed 1792K, reserved 1048576K
Event: 844.083 GC heap after
Heap after GC invocations=716 (full 479):
 PSYoungGen      total 229888K, used 0K [0x00000000eac00000, 0x00000000fa700000, 0x0000000100000000)
  eden space 206336K, 0% used [0x00000000eac00000,0x00000000eac00000,0x00000000f7580000)
  from space 23552K, 0% used [0x00000000f7580000,0x00000000f7580000,0x00000000f8c80000)
  to   space 23040K, 0% used [0x00000000f8c80000,0x00000000f8c80000,0x00000000fa300000)
 ParOldGen       total 221184K, used 107463K [0x00000000c0400000, 0x00000000cdc00000, 0x00000000eac00000)
  object space 221184K, 48% used [0x00000000c0400000,0x00000000c6cf1e08,0x00000000cdc00000)
 Metaspace       used 13405K, capacity 13642K, committed 13824K, reserved 1060864K
  class space    used 1601K, capacity 1682K, committed 1792K, reserved 1048576K
}
Event: 844.128 GC heap before
{Heap before GC invocations=717 (full 479):
 PSYoungGen      total 229888K, used 106145K [0x00000000eac00000, 0x00000000fa700000, 0x0000000100000000)
  eden space 206336K, 51% used [0x00000000eac00000,0x00000000f13a85b8,0x00000000f7580000)
  from space 23552K, 0% used [0x00000000f7580000,0x00000000f7580000,0x00000000f8c80000)
  to   space 23040K, 0% used [0x00000000f8c80000,0x00000000f8c80000,0x00000000fa300000)
 ParOldGen       total 221184K, used 107463K [0x00000000c0400000, 0x00000000cdc00000, 0x00000000eac00000)
  object space 221184K, 48% used [0x00000000c0400000,0x00000000c6cf1e08,0x00000000cdc00000)
 Metaspace       used 13405K, capacity 13642K, committed 13824K, reserved 1060864K
  class space    used 1601K, capacity 1682K, committed 1792K, reserved 1048576K
Event: 844.153 GC heap after
Heap after GC invocations=717 (full 479):
 PSYoungGen      total 229888K, used 106145K [0x00000000eac00000, 0x00000000fa700000, 0x0000000100000000)
  eden space 206336K, 51% used [0x00000000eac00000,0x00000000f13a85b8,0x00000000f7580000)
  from space 23552K, 0% used [0x00000000f7580000,0x00000000f7580000,0x00000000f8c80000)
  to   space 23040K, 5% used [0x00000000f8c80000,0x00000000f8dc7cb0,0x00000000fa300000)
 ParOldGen       total 221184K, used 207179K [0x00000000c0400000, 0x00000000cdc00000, 0x00000000eac00000)
  object space 221184K, 93% used [0x00000000c0400000,0x00000000cce52f00,0x00000000cdc00000)
 Metaspace       used 13405K, capacity 13642K, committed 13824K, reserved 1060864K
  class space    used 1601K, capacity 1682K, committed 1792K, reserved 1048576K
}
Event: 844.153 GC heap before
{Heap before GC invocations=718 (full 480):
 PSYoungGen      total 229888K, used 106145K [0x00000000eac00000, 0x00000000fa700000, 0x0000000100000000)
  eden space 206336K, 51% used [0x00000000eac00000,0x00000000f13a85b8,0x00000000f7580000)
  from space 23552K, 0% used [0x00000000f7580000,0x00000000f7580000,0x00000000f8c80000)
  to   space 23040K, 5% used [0x00000000f8c80000,0x00000000f8dc7cb0,0x00000000fa300000)
 ParOldGen       total 221184K, used 207179K [0x00000000c0400000, 0x00000000cdc00000, 0x00000000eac00000)
  object space 221184K, 93% used [0x00000000c0400000,0x00000000cce52f00,0x00000000cdc00000)
 Metaspace       used 13405K, capacity 13642K, committed 13824K, reserved 1060864K
  class space    used 1601K, capacity 1682K, committed 1792K, reserved 1048576K
Event: 844.188 GC heap after
Heap after GC invocations=718 (full 480):
 PSYoungGen      total 229888K, used 0K [0x00000000eac00000, 0x00000000fa700000, 0x0000000100000000)
  eden space 206336K, 0% used [0x00000000eac00000,0x00000000eac00000,0x00000000f7580000)
  from space 23552K, 0% used [0x00000000f7580000,0x00000000f7580000,0x00000000f8c80000)
  to   space 23040K, 0% used [0x00000000f8c80000,0x00000000f8c80000,0x00000000fa300000)
 ParOldGen       total 221184K, used 206739K [0x00000000c0400000, 0x00000000cdc00000, 0x00000000eac00000)
  object space 221184K, 93% used [0x00000000c0400000,0x00000000ccde4f38,0x00000000cdc00000)
 Metaspace       used 13405K, capacity 13642K, committed 13824K, reserved 1060864K
  class space    used 1601K, capacity 1682K, committed 1792K, reserved 1048576K
}
Event: 844.245 GC heap before
{Heap before GC invocations=719 (full 481):
 PSYoungGen      total 229888K, used 202894K [0x00000000eac00000, 0x00000000fa700000, 0x0000000100000000)
  eden space 206336K, 98% used [0x00000000eac00000,0x00000000f7223820,0x00000000f7580000)
  from space 23552K, 0% used [0x00000000f7580000,0x00000000f7580000,0x00000000f8c80000)
  to   space 23040K, 0% used [0x00000000f8c80000,0x00000000f8c80000,0x00000000fa300000)
 ParOldGen       total 221184K, used 206739K [0x00000000c0400000, 0x00000000cdc00000, 0x00000000eac00000)
  object space 221184K, 93% used [0x00000000c0400000,0x00000000ccde4f38,0x00000000cdc00000)
 Metaspace       used 13405K, capacity 13642K, committed 13824K, reserved 1060864K
  class space    used 1601K, capacity 1682K, committed 1792K, reserved 1048576K
Event: 844.260 GC heap after
Heap after GC invocations=719 (full 481):
 PSYoungGen      total 229888K, used 199432K [0x00000000eac00000, 0x00000000fa700000, 0x0000000100000000)
  eden space 206336K, 96% used [0x00000000eac00000,0x00000000f6ec21f8,0x00000000f7580000)
  from space 23552K, 0% used [0x00000000f7580000,0x00000000f7580000,0x00000000f8c80000)
  to   space 23040K, 0% used [0x00000000f8c80000,0x00000000f8c80000,0x00000000fa300000)
 ParOldGen       total 221184K, used 107023K [0x00000000c0400000, 0x00000000cdc00000, 0x00000000eac00000)
  object space 221184K, 48% used [0x00000000c0400000,0x00000000c6c83da8,0x00000000cdc00000)
 Metaspace       used 13405K, capacity 13642K, committed 13824K, reserved 1060864K
  class space    used 1601K, capacity 1682K, committed 1792K, reserved 1048576K
}
Event: 845.792 GC heap before
{Heap before GC invocations=720 (full 482):
 PSYoungGen      total 229888K, used 206336K [0x00000000eac00000, 0x00000000fa700000, 0x0000000100000000)
  eden space 206336K, 100% used [0x00000000eac00000,0x00000000f7580000,0x00000000f7580000)
  from space 23552K, 0% used [0x00000000f7580000,0x00000000f7580000,0x00000000f8c80000)
  to   space 23040K, 0% used [0x00000000f8c80000,0x00000000f8c80000,0x00000000fa300000)
 ParOldGen       total 221184K, used 207611K [0x00000000c0400000, 0x00000000cdc00000, 0x00000000eac00000)
  object space 221184K, 93% used [0x00000000c0400000,0x00000000ccebef98,0x00000000cdc00000)
 Metaspace       used 13405K, capacity 13642K, committed 13824K, reserved 1060864K
  class space    used 1601K, capacity 1682K, committed 1792K, reserved 1048576K
Event: 845.848 GC heap after
Heap after GC invocations=720 (full 482):
 PSYoungGen      total 229888K, used 0K [0x00000000eac00000, 0x00000000fa700000, 0x0000000100000000)
  eden space 206336K, 0% used [0x00000000eac00000,0x00000000eac00000,0x00000000f7580000)
  from space 23552K, 0% used [0x00000000f7580000,0x00000000f7580000,0x00000000f8c80000)
  to   space 23040K, 0% used [0x00000000f8c80000,0x00000000f8c80000,0x00000000fa300000)
 ParOldGen       total 221184K, used 108532K [0x00000000c0400000, 0x00000000cdc00000, 0x00000000eac00000)
  object space 221184K, 49% used [0x00000000c0400000,0x00000000c6dfd388,0x00000000cdc00000)
 Metaspace       used 13405K, capacity 13642K, committed 13824K, reserved 1060864K
  class space    used 1601K, capacity 1682K, committed 1792K, reserved 1048576K
}

Deoptimization events (10 events):
Event: 219.315 Thread 0x000000005736a000 Uncommon trap: reason=class_check action=maybe_recompile pc=0x00000000029a8e18 method=java.lang.String.equals(Ljava/lang/Object;)Z @ 8
Event: 219.375 Thread 0x000000005736a000 Uncommon trap: reason=unstable_if action=reinterpret pc=0x0000000002b5a720 method=java.util.concurrent.locks.ReentrantLock$Sync.nonfairTryAcquire(I)Z @ 34
Event: 223.869 Thread 0x0000000057361000 Uncommon trap: reason=unstable_if action=reinterpret pc=0x0000000002b5cd90 method=java.util.concurrent.locks.ReentrantLock$Sync.nonfairTryAcquire(I)Z @ 34
Event: 230.582 Thread 0x000000005736a000 Uncommon trap: reason=unstable_if action=reinterpret pc=0x0000000002bf88ec method=sun.nio.cs.UTF_8$Encoder.encodeArrayLoop(Ljava/nio/CharBuffer;Ljava/nio/ByteBuffer;)Ljava/nio/charset/CoderResult; @ 113
Event: 231.434 Thread 0x000000005736a000 Uncommon trap: reason=unstable_if action=reinterpret pc=0x00000000029e6ab0 method=java.lang.String.indexOf([CII[CIII)I @ 3
Event: 231.582 Thread 0x000000005736a000 Uncommon trap: reason=unstable_if action=reinterpret pc=0x0000000002bf0c5c method=sun.misc.FloatingDecimal$BinaryToASCIIBuffer.getChars([C)I @ 150
Event: 231.586 Thread 0x000000005736a000 Uncommon trap: reason=bimorphic action=maybe_recompile pc=0x0000000002a53674 method=java.util.HashMap.getNode(ILjava/lang/Object;)Ljava/util/HashMap$Node; @ 126
Event: 231.586 Thread 0x000000005736a000 Uncommon trap: reason=bimorphic action=maybe_recompile pc=0x0000000002a53674 method=java.util.HashMap.getNode(ILjava/lang/Object;)Ljava/util/HashMap$Node; @ 126
Event: 231.587 Thread 0x000000005736a000 Uncommon trap: reason=bimorphic action=maybe_recompile pc=0x0000000002a53674 method=java.util.HashMap.getNode(ILjava/lang/Object;)Ljava/util/HashMap$Node; @ 126
Event: 231.587 Thread 0x000000005736a000 Uncommon trap: reason=bimorphic action=maybe_recompile pc=0x0000000002a53674 method=java.util.HashMap.getNode(ILjava/lang/Object;)Ljava/util/HashMap$Node; @ 126

Internal exceptions (10 events):
Event: 3.602 Thread 0x0000000002078000 Exception <a 'java/security/PrivilegedActionException'> (0x00000000eae5e718) thrown at [C:\re\workspace\8-2-build-windows-amd64-cygwin\jdk8u151\9699\hotspot\src\share\vm\prims\jvm.cpp, line 1390]
Event: 3.602 Thread 0x0000000002078000 Exception <a 'java/security/PrivilegedActionException'> (0x00000000eae5e928) thrown at [C:\re\workspace\8-2-build-windows-amd64-cygwin\jdk8u151\9699\hotspot\src\share\vm\prims\jvm.cpp, line 1390]
Event: 3.870 Thread 0x0000000002078000 Exception <a 'java/io/FileNotFoundException'> (0x00000000eaebc878) thrown at [C:\re\workspace\8-2-build-windows-amd64-cygwin\jdk8u151\9699\hotspot\src\share\vm\prims\jni.cpp, line 709]
Event: 4.072 Thread 0x0000000002078000 Exception <a 'java/lang/NoSuchFieldError': method resolution failed> (0x00000000eafe9178) thrown at [C:\re\workspace\8-2-build-windows-amd64-cygwin\jdk8u151\9699\hotspot\src\share\vm\prims\methodHandles.cpp, line 1146]
Event: 4.079 Thread 0x0000000002078000 Exception <a 'java/lang/NoSuchFieldError': method resolution failed> (0x00000000eaff6d38) thrown at [C:\re\workspace\8-2-build-windows-amd64-cygwin\jdk8u151\9699\hotspot\src\share\vm\prims\methodHandles.cpp, line 1146]
Event: 4.503 Thread 0x000000005736a000 Exception <a 'java/io/FileNotFoundException'> (0x00000000eb1d4390) thrown at [C:\re\workspace\8-2-build-windows-amd64-cygwin\jdk8u151\9699\hotspot\src\share\vm\prims\jni.cpp, line 709]
Event: 5.856 Thread 0x000000005736a000 Implicit null exception at 0x00000000029900d2 to 0x0000000002990299
Event: 231.551 Thread 0x000000005736a000 Exception <a 'java/lang/NoSuchMethodError': <clinit>> (0x00000000eb15b8c0) thrown at [C:\re\workspace\8-2-build-windows-amd64-cygwin\jdk8u151\9699\hotspot\src\share\vm\prims\jni.cpp, line 1613]
Event: 231.596 Thread 0x000000005736a000 Exception <a 'java/lang/NoSuchMethodError': <clinit>> (0x00000000eb1be288) thrown at [C:\re\workspace\8-2-build-windows-amd64-cygwin\jdk8u151\9699\hotspot\src\share\vm\prims\jni.cpp, line 1613]
Event: 231.599 Thread 0x000000005736a000 Exception <a 'java/lang/NoSuchMethodError': <clinit>> (0x00000000eb1cf7b8) thrown at [C:\re\workspace\8-2-build-windows-amd64-cygwin\jdk8u151\9699\hotspot\src\share\vm\prims\jni.cpp, line 1613]

Events (10 events):
Event: 842.641 Executing VM operation: ParallelGCFailedAllocation
Event: 842.657 Executing VM operation: ParallelGCFailedAllocation done
Event: 844.045 Executing VM operation: ParallelGCFailedAllocation
Event: 844.084 Executing VM operation: ParallelGCFailedAllocation done
Event: 844.127 Executing VM operation: ParallelGCFailedAllocation
Event: 844.188 Executing VM operation: ParallelGCFailedAllocation done
Event: 844.245 Executing VM operation: ParallelGCFailedAllocation
Event: 844.260 Executing VM operation: ParallelGCFailedAllocation done
Event: 845.792 Executing VM operation: ParallelGCFailedAllocation
Event: 845.849 Executing VM operation: ParallelGCFailedAllocation done


Dynamic libraries:
0x000000013fb20000 - 0x000000013fb57000 	C:\Program Files\Java\jdk1.8.0_151\bin\java.exe
0x00000000776a0000 - 0x0000000077849000 	C:\Windows\SYSTEM32\ntdll.dll
0x000007fef38b0000 - 0x000007fef38e4000 	C:\Program Files (x86)\AVG\Antivirus\x64\aswhooka.dll
0x0000000077580000 - 0x000000007769f000 	C:\Windows\system32\kernel32.dll
0x000007fefd510000 - 0x000007fefd57c000 	C:\Windows\system32\KERNELBASE.dll
0x000007fefdcc0000 - 0x000007fefdd9b000 	C:\Windows\system32\ADVAPI32.dll
0x000007fefd920000 - 0x000007fefd9bf000 	C:\Windows\system32\msvcrt.dll
0x000007fefe420000 - 0x000007fefe43f000 	C:\Windows\SYSTEM32\sechost.dll
0x000007feff1d0000 - 0x000007feff2fd000 	C:\Windows\system32\RPCRT4.dll
0x0000000077480000 - 0x000000007757a000 	C:\Windows\system32\USER32.dll
0x000007feff5e0000 - 0x000007feff647000 	C:\Windows\system32\GDI32.dll
0x000007fefe140000 - 0x000007fefe14e000 	C:\Windows\system32\LPK.dll
0x000007feff6d0000 - 0x000007feff799000 	C:\Windows\system32\USP10.dll
0x000007fefba50000 - 0x000007fefbc44000 	C:\Windows\WinSxS\amd64_microsoft.windows.common-controls_6595b64144ccf1df_6.0.7601.18837_none_fa3b1e3d17594757\COMCTL32.dll
0x000007feff300000 - 0x000007feff371000 	C:\Windows\system32\SHLWAPI.dll
0x000007fefdc40000 - 0x000007fefdc6e000 	C:\Windows\system32\IMM32.DLL
0x000007fefd810000 - 0x000007fefd919000 	C:\Windows\system32\MSCTF.dll
0x000000006d140000 - 0x000000006d212000 	C:\Program Files\Java\jdk1.8.0_151\jre\bin\msvcr100.dll
0x0000000070d10000 - 0x00000000715ad000 	C:\Program Files\Java\jdk1.8.0_151\jre\bin\server\jvm.dll
0x000007fef9100000 - 0x000007fef9109000 	C:\Windows\system32\WSOCK32.dll
0x000007fefdc70000 - 0x000007fefdcbd000 	C:\Windows\system32\WS2_32.dll
0x000007fefe070000 - 0x000007fefe078000 	C:\Windows\system32\NSI.dll
0x000007fefb420000 - 0x000007fefb45b000 	C:\Windows\system32\WINMM.dll
0x000007fefc4d0000 - 0x000007fefc4dc000 	C:\Windows\system32\VERSION.dll
0x0000000077870000 - 0x0000000077877000 	C:\Windows\system32\PSAPI.DLL
0x000000006d270000 - 0x000000006d27f000 	C:\Program Files\Java\jdk1.8.0_151\jre\bin\verify.dll
0x000000006d110000 - 0x000000006d139000 	C:\Program Files\Java\jdk1.8.0_151\jre\bin\java.dll
0x000000006d0e0000 - 0x000000006d103000 	C:\Program Files\Java\jdk1.8.0_151\jre\bin\instrument.dll
0x000000006d250000 - 0x000000006d266000 	C:\Program Files\Java\jdk1.8.0_151\jre\bin\zip.dll
0x000007fefe440000 - 0x000007feff1c9000 	C:\Windows\system32\SHELL32.dll
0x000007feff7a0000 - 0x000007feff9a3000 	C:\Windows\system32\ole32.dll
0x000007fefd460000 - 0x000007fefd46f000 	C:\Windows\system32\profapi.dll
0x000000006cf40000 - 0x000000006d0d8000 	C:\Program Files\Java\jdk1.8.0_151\jre\bin\awt.dll
0x000007fefe1b0000 - 0x000007fefe287000 	C:\Windows\system32\OLEAUT32.dll
0x000007fefb9a0000 - 0x000007fefb9f6000 	C:\Windows\system32\uxtheme.dll
0x000007fefb320000 - 0x000007fefb338000 	C:\Windows\system32\dwmapi.dll
0x000007fefd2f0000 - 0x000007fefd2ff000 	C:\Windows\system32\CRYPTBASE.dll
0x000007fef8120000 - 0x000007fef823d000 	C:\Windows\system32\opengl32.dll
0x000007fefba20000 - 0x000007fefba4d000 	C:\Windows\system32\GLU32.dll
0x000007fef8020000 - 0x000007fef8111000 	C:\Windows\system32\DDRAW.dll
0x000007fefb050000 - 0x000007fefb058000 	C:\Windows\system32\DCIMAN32.dll
0x000007fefda60000 - 0x000007fefdc37000 	C:\Windows\system32\SETUPAPI.dll
0x000007fefd470000 - 0x000007fefd4a6000 	C:\Windows\system32\CFGMGR32.dll
0x000007fefd5c0000 - 0x000007fefd5da000 	C:\Windows\system32\DEVOBJ.dll
0x000007fef7e20000 - 0x000007fef801f000 	C:\Windows\system32\d3d9.dll
0x000007fefafa0000 - 0x000007fefafa7000 	C:\Windows\system32\d3d8thk.dll
0x000007fef6c00000 - 0x000007fef784e000 	C:\Windows\system32\nvd3dumx.dll
0x000007fefbf30000 - 0x000007fefbf5c000 	C:\Windows\system32\powrprof.dll
0x000000006ce90000 - 0x000000006ced7000 	C:\Program Files\Java\jdk1.8.0_151\jre\bin\fontmanager.dll
0x000000006cf20000 - 0x000000006cf3a000 	C:\Program Files\Java\jdk1.8.0_151\jre\bin\net.dll
0x000007fefcc30000 - 0x000007fefcc85000 	C:\Windows\system32\mswsock.dll
0x000007fefcc20000 - 0x000007fefcc27000 	C:\Windows\System32\wship6.dll
0x000000006ce70000 - 0x000000006ce81000 	C:\Program Files\Java\jdk1.8.0_151\jre\bin\nio.dll
0x000000006ce20000 - 0x000000006ce62000 	C:\Program Files\Java\jdk1.8.0_151\jre\bin\t2k.dll
0x000007fefe080000 - 0x000007fefe119000 	C:\Windows\system32\CLBCatQ.DLL
0x000007fefb0e0000 - 0x000007fefb241000 	C:\Windows\system32\WindowsCodecs.dll
0x000007fefd290000 - 0x000007fefd2e7000 	C:\Windows\system32\apphelp.dll
0x000007feec520000 - 0x000007feec75d000 	C:\PROGRA~1\MICROS~2\Office15\GROOVEEX.DLL
0x0000000071d00000 - 0x0000000071d98000 	C:\Windows\system32\MSVCP100.dll
0x000000006af00000 - 0x000000006af2b000 	C:\Windows\system32\ATL100.DLL
0x000007feecf40000 - 0x000007feed25e000 	C:\Windows\system32\msi.dll
0x000007feeb060000 - 0x000007feeb8dd000 	C:\PROGRA~1\MICROS~2\Office15\1033\GrooveIntlResource.dll
0x000007feeb020000 - 0x000007feeb055000 	C:\Windows\system32\EhStorShell.dll
0x000007fefbdb0000 - 0x000007fefbedc000 	C:\Windows\system32\PROPSYS.dll
0x000007feea9a0000 - 0x000007feeb011000 	C:\PROGRA~1\MICROS~2\Office14\GROOVEEX.DLL
0x000000006ae50000 - 0x000000006aef3000 	C:\Windows\WinSxS\amd64_microsoft.vc90.crt_1fc8b3b9a1e18e3b_9.0.30729.6161_none_08e61857a83bc251\MSVCR90.dll
0x000000006ad70000 - 0x000000006ae43000 	C:\Windows\WinSxS\amd64_microsoft.vc90.crt_1fc8b3b9a1e18e3b_9.0.30729.6161_none_08e61857a83bc251\MSVCP90.dll
0x000000006ad40000 - 0x000000006ad6f000 	C:\Windows\WinSxS\amd64_microsoft.vc90.atl_1fc8b3b9a1e18e3b_9.0.30729.6161_none_0a1fd3a3a768b895\ATL90.DLL
0x000007feea590000 - 0x000007feea99f000 	C:\PROGRA~1\COMMON~1\MICROS~1\OFFICE14\Cultures\office.odf
0x000007fee9d20000 - 0x000007feea584000 	C:\PROGRA~1\MICROS~2\Office14\1033\GrooveIntlResource.dll
0x000007fee9ca0000 - 0x000007fee9d20000 	C:\Windows\system32\ntshrui.dll
0x000007fefd180000 - 0x000007fefd1a3000 	C:\Windows\system32\srvcli.dll
0x000007feef1a0000 - 0x000007feef1af000 	C:\Windows\system32\cscapi.dll
0x000007fefb7b0000 - 0x000007fefb7bb000 	C:\Windows\system32\slc.dll

VM Arguments:
jvm_args: -Dfile.encoding=UTF-8 -javaagent:C:\Users\ibraheem\Downloads\SizeOf_0_2_2\SizeOf.jar 
java_command: searchencrypted.GUI
java_class_path (initial): C:\Users\ibraheem\Desktop\latest\SearchEncryptedMaster\lib\TarsosLSH-latest.jar;C:\Users\ibraheem\Desktop\latest\SearchEncryptedMaster\lib\bloofi-master\build\classes;C:\Users\ibraheem\Desktop\latest\SearchEncryptedMaster\lib\DET-ABE-master;C:\Users\ibraheem\Desktop\latest\SearchEncryptedMaster\lib\jars\bcprov-jdk16-1.46.jar;C:\Users\ibraheem\Desktop\latest\SearchEncryptedMaster\lib\jars\jna-3.2.5.jar;C:\Users\ibraheem\Desktop\latest\SearchEncryptedMaster\lib\jars\jpbc-api-2.0.0.jar;C:\Users\ibraheem\Desktop\latest\SearchEncryptedMaster\lib\jars\jpbc-benchmark-2.0.0.jar;C:\Users\ibraheem\Desktop\latest\SearchEncryptedMaster\lib\jars\jpbc-crypto-2.0.0.jar;C:\Users\ibraheem\Desktop\latest\SearchEncryptedMaster\lib\jars\jpbc-mm-2.0.0.jar;C:\Users\ibraheem\Desktop\latest\SearchEncryptedMaster\lib\jars\jpbc-pbc-2.0.0.jar;C:\Users\ibraheem\Desktop\latest\SearchEncryptedMaster\lib\jars\jpbc-plaf-2.0.0.jar;C:\Users\ibraheem\Desktop\latest\SearchEncryptedMaster\lib\jars\test\jpbc-test-2.0.0-tests.jar;C:\Users\ibraheem\Downloads\SizeOf_0_2_2\SizeOf.jar;C:\Users\ibraheem\Desktop\latest\SearchEncryptedMaster\build\classes;C:\Users\ibraheem\Downloads\SizeOf_0_2_2\SizeOf.jar
Launcher Type: SUN_STANDARD

Environment Variables:
JAVA_HOME=C:\Program Files\Java\jre6
PATH=C:\ProgramData\Oracle\Java\javapath;C:\Program Files\Common Files\Microsoft Shared\Windows Live;C:\Program Files (x86)\Common Files\Microsoft Shared\Windows Live;C:\Program Files (x86)\NVIDIA Corporation\PhysX\Common;C:\Windows\system32;C:\Windows;C:\Windows\System32\Wbem;C:\Windows\System32\WindowsPowerShell\v1.0\;C:\Program Files (x86)\Sony\VAIO Startup Setting Tool;;C:\Program Files (x86)\Windows Live\Shared;C:\Program Files\Microsoft SQL Server\110\Tools\Binn\;C:\Program Files\Microsoft SQL Server\Client SDK\ODBC\110\Tools\Binn\;C:\Program Files (x86)\Microsoft SQL Server\120\Tools\Binn\;C:\Program Files\Microsoft SQL Server\120\Tools\Binn\;C:\Program Files\Microsoft SQL Server\120\DTS\Binn\
USERNAME=ibraheem
OS=Windows_NT
PROCESSOR_IDENTIFIER=Intel64 Family 6 Model 42 Stepping 7, GenuineIntel



---------------  S Y S T E M  ---------------

OS: Windows 7 , 64 bit Build 7601 (6.1.7601.18869)

CPU:total 4 (initial active 4) (2 cores per cpu, 2 threads per core) family 6 model 42 stepping 7, cmov, cx8, fxsr, mmx, sse, sse2, sse3, ssse3, sse4.1, sse4.2, popcnt, avx, aes, clmul, ht, tsc, tscinvbit

Memory: 4k page, physical 4175728k(680804k free), swap 16701076k(4152k free)

vm_info: Java HotSpot(TM) 64-Bit Server VM (25.151-b12) for windows-amd64 JRE (1.8.0_151-b12), built on Sep  5 2017 19:33:46 by "java_re" with MS VC++ 10.0 (VS2010)

time: Tue May 01 04:05:54 2018
elapsed time: 846 seconds (0d 0h 14m 6s)

